{"/Users/antonia/project/prepify/src/utils/pagination.js": {"path":"/Users/antonia/project/prepify/src/utils/pagination.js","statementMap":{"0":{"start":{"line":2,"column":10},"end":{"line":2,"column":null}},"1":{"start":{"line":3,"column":4},"end":{"line":3,"column":null}}},"fnMap":{"0":{"name":"paginate","decl":{"start":{"line":1,"column":16},"end":{"line":1,"column":25}},"loc":{"start":{"line":1,"column":47},"end":{"line":3,"column":null}},"line":1}},"branchMap":{},"s":{"0":3,"1":3},"f":{"0":3},"b":{},"meta":{"lastBranch":0,"lastFunction":1,"lastStatement":2,"seen":{"f:1:16:1:25":0,"s:2:10:2:Infinity":0,"s:3:4:3:Infinity":1}}}
,"/Users/antonia/project/prepify/src/utils/recipeUtils.js": {"path":"/Users/antonia/project/prepify/src/utils/recipeUtils.js","statementMap":{"0":{"start":{"line":2,"column":4},"end":{"line":2,"column":null}},"1":{"start":{"line":6,"column":4},"end":{"line":8,"column":null}},"2":{"start":{"line":7,"column":8},"end":{"line":7,"column":null}},"3":{"start":{"line":12,"column":4},"end":{"line":12,"column":null}},"4":{"start":{"line":12,"column":31},"end":{"line":12,"column":43}}},"fnMap":{"0":{"name":"addRecipe","decl":{"start":{"line":1,"column":16},"end":{"line":1,"column":26}},"loc":{"start":{"line":1,"column":43},"end":{"line":2,"column":null}},"line":1},"1":{"name":"updateRecipe","decl":{"start":{"line":5,"column":16},"end":{"line":5,"column":29}},"loc":{"start":{"line":5,"column":53},"end":{"line":8,"column":null}},"line":5},"2":{"name":"(anonymous_2)","decl":{"start":{"line":6,"column":19},"end":{"line":6,"column":23}},"loc":{"start":{"line":7,"column":8},"end":{"line":7,"column":null}},"line":7},"3":{"name":"deleteRecipe","decl":{"start":{"line":11,"column":16},"end":{"line":11,"column":29}},"loc":{"start":{"line":11,"column":42},"end":{"line":12,"column":null}},"line":11},"4":{"name":"(anonymous_4)","decl":{"start":{"line":12,"column":19},"end":{"line":12,"column":26}},"loc":{"start":{"line":12,"column":31},"end":{"line":12,"column":43}},"line":12}},"branchMap":{"0":{"loc":{"start":{"line":7,"column":8},"end":{"line":7,"column":null}},"type":"cond-expr","locations":[{"start":{"line":7,"column":36},"end":{"line":7,"column":52}},{"start":{"line":7,"column":52},"end":{"line":7,"column":null}}],"line":7}},"s":{"0":1,"1":2,"2":4,"3":1,"4":2},"f":{"0":1,"1":2,"2":4,"3":1,"4":2},"b":{"0":[2,2]},"meta":{"lastBranch":1,"lastFunction":5,"lastStatement":5,"seen":{"f:1:16:1:26":0,"s:2:4:2:Infinity":0,"f:5:16:5:29":1,"s:6:4:8:Infinity":1,"f:6:19:6:23":2,"s:7:8:7:Infinity":2,"b:7:36:7:52:7:52:7:Infinity":0,"f:11:16:11:29":3,"s:12:4:12:Infinity":3,"f:12:19:12:26":4,"s:12:31:12:43":4}}}
,"/Users/antonia/project/prepify/src/validation/loginValidation.js": {"path":"/Users/antonia/project/prepify/src/validation/loginValidation.js","statementMap":{"0":{"start":{"line":2,"column":19},"end":{"line":2,"column":21}},"1":{"start":{"line":4,"column":4},"end":{"line":4,"column":null}},"2":{"start":{"line":4,"column":21},"end":{"line":4,"column":null}},"3":{"start":{"line":5,"column":4},"end":{"line":5,"column":null}},"4":{"start":{"line":5,"column":24},"end":{"line":5,"column":null}},"5":{"start":{"line":7,"column":4},"end":{"line":7,"column":null}}},"fnMap":{"0":{"name":"validateLogin","decl":{"start":{"line":1,"column":16},"end":{"line":1,"column":30}},"loc":{"start":{"line":1,"column":36},"end":{"line":7,"column":null}},"line":1}},"branchMap":{"0":{"loc":{"start":{"line":4,"column":4},"end":{"line":4,"column":null}},"type":"if","locations":[{"start":{"line":4,"column":4},"end":{"line":4,"column":null}},{"start":{},"end":{}}],"line":4},"1":{"loc":{"start":{"line":5,"column":4},"end":{"line":5,"column":null}},"type":"if","locations":[{"start":{"line":5,"column":4},"end":{"line":5,"column":null}},{"start":{},"end":{}}],"line":5}},"s":{"0":3,"1":3,"2":2,"3":3,"4":2,"5":3},"f":{"0":3},"b":{"0":[2,1],"1":[2,1]},"meta":{"lastBranch":2,"lastFunction":1,"lastStatement":6,"seen":{"f:1:16:1:30":0,"s:2:19:2:21":0,"b:4:4:4:Infinity:undefined:undefined:undefined:undefined":0,"s:4:4:4:Infinity":1,"s:4:21:4:Infinity":2,"b:5:4:5:Infinity:undefined:undefined:undefined:undefined":1,"s:5:4:5:Infinity":3,"s:5:24:5:Infinity":4,"s:7:4:7:Infinity":5}}}
,"/Users/antonia/project/prepify/src/validation/recipeValidation.js": {"path":"/Users/antonia/project/prepify/src/validation/recipeValidation.js","statementMap":{"0":{"start":{"line":2,"column":19},"end":{"line":2,"column":21}},"1":{"start":{"line":4,"column":4},"end":{"line":4,"column":null}},"2":{"start":{"line":4,"column":20},"end":{"line":4,"column":null}},"3":{"start":{"line":5,"column":4},"end":{"line":5,"column":null}},"4":{"start":{"line":5,"column":24},"end":{"line":5,"column":null}},"5":{"start":{"line":7,"column":4},"end":{"line":10,"column":null}},"6":{"start":{"line":8,"column":8},"end":{"line":8,"column":null}},"7":{"start":{"line":9,"column":15},"end":{"line":10,"column":null}},"8":{"start":{"line":10,"column":8},"end":{"line":10,"column":null}},"9":{"start":{"line":12,"column":4},"end":{"line":13,"column":null}},"10":{"start":{"line":13,"column":8},"end":{"line":13,"column":null}},"11":{"start":{"line":16,"column":4},"end":{"line":16,"column":null}}},"fnMap":{"0":{"name":"validateRecipe","decl":{"start":{"line":1,"column":16},"end":{"line":1,"column":31}},"loc":{"start":{"line":1,"column":37},"end":{"line":16,"column":null}},"line":1}},"branchMap":{"0":{"loc":{"start":{"line":4,"column":4},"end":{"line":4,"column":null}},"type":"if","locations":[{"start":{"line":4,"column":4},"end":{"line":4,"column":null}},{"start":{},"end":{}}],"line":4},"1":{"loc":{"start":{"line":5,"column":4},"end":{"line":5,"column":null}},"type":"if","locations":[{"start":{"line":5,"column":4},"end":{"line":5,"column":null}},{"start":{},"end":{}}],"line":5},"2":{"loc":{"start":{"line":7,"column":4},"end":{"line":10,"column":null}},"type":"if","locations":[{"start":{"line":7,"column":4},"end":{"line":10,"column":null}},{"start":{"line":9,"column":15},"end":{"line":10,"column":null}}],"line":7},"3":{"loc":{"start":{"line":9,"column":15},"end":{"line":10,"column":null}},"type":"if","locations":[{"start":{"line":9,"column":15},"end":{"line":10,"column":null}},{"start":{},"end":{}}],"line":9},"4":{"loc":{"start":{"line":12,"column":4},"end":{"line":13,"column":null}},"type":"if","locations":[{"start":{"line":12,"column":4},"end":{"line":13,"column":null}},{"start":{},"end":{}}],"line":12}},"s":{"0":4,"1":4,"2":1,"3":4,"4":1,"5":4,"6":1,"7":3,"8":1,"9":4,"10":1,"11":4},"f":{"0":4},"b":{"0":[1,3],"1":[1,3],"2":[1,3],"3":[1,2],"4":[1,3]},"meta":{"lastBranch":5,"lastFunction":1,"lastStatement":12,"seen":{"f:1:16:1:31":0,"s:2:19:2:21":0,"b:4:4:4:Infinity:undefined:undefined:undefined:undefined":0,"s:4:4:4:Infinity":1,"s:4:20:4:Infinity":2,"b:5:4:5:Infinity:undefined:undefined:undefined:undefined":1,"s:5:4:5:Infinity":3,"s:5:24:5:Infinity":4,"b:7:4:10:Infinity:9:15:10:Infinity":2,"s:7:4:10:Infinity":5,"s:8:8:8:Infinity":6,"b:9:15:10:Infinity:undefined:undefined:undefined:undefined":3,"s:9:15:10:Infinity":7,"s:10:8:10:Infinity":8,"b:12:4:13:Infinity:undefined:undefined:undefined:undefined":4,"s:12:4:13:Infinity":9,"s:13:8:13:Infinity":10,"s:16:4:16:Infinity":11}}}
,"/Users/antonia/project/prepify/src/validation/registerValidation.js": {"path":"/Users/antonia/project/prepify/src/validation/registerValidation.js","statementMap":{"0":{"start":{"line":2,"column":19},"end":{"line":2,"column":21}},"1":{"start":{"line":4,"column":4},"end":{"line":4,"column":null}},"2":{"start":{"line":4,"column":20},"end":{"line":4,"column":null}},"3":{"start":{"line":5,"column":4},"end":{"line":5,"column":null}},"4":{"start":{"line":5,"column":24},"end":{"line":5,"column":null}},"5":{"start":{"line":6,"column":4},"end":{"line":11,"column":null}},"6":{"start":{"line":7,"column":8},"end":{"line":7,"column":null}},"7":{"start":{"line":9,"column":27},"end":{"line":9,"column":null}},"8":{"start":{"line":10,"column":8},"end":{"line":11,"column":null}},"9":{"start":{"line":11,"column":12},"end":{"line":11,"column":null}},"10":{"start":{"line":14,"column":4},"end":{"line":24,"column":null}},"11":{"start":{"line":15,"column":8},"end":{"line":15,"column":null}},"12":{"start":{"line":18,"column":12},"end":{"line":21,"column":46}},"13":{"start":{"line":23,"column":8},"end":{"line":24,"column":null}},"14":{"start":{"line":24,"column":12},"end":{"line":24,"column":null}},"15":{"start":{"line":28,"column":4},"end":{"line":31,"column":null}},"16":{"start":{"line":29,"column":8},"end":{"line":29,"column":null}},"17":{"start":{"line":30,"column":15},"end":{"line":31,"column":null}},"18":{"start":{"line":31,"column":8},"end":{"line":31,"column":null}},"19":{"start":{"line":34,"column":4},"end":{"line":34,"column":null}}},"fnMap":{"0":{"name":"validateRegister","decl":{"start":{"line":1,"column":16},"end":{"line":1,"column":33}},"loc":{"start":{"line":1,"column":39},"end":{"line":34,"column":null}},"line":1}},"branchMap":{"0":{"loc":{"start":{"line":4,"column":4},"end":{"line":4,"column":null}},"type":"if","locations":[{"start":{"line":4,"column":4},"end":{"line":4,"column":null}},{"start":{},"end":{}}],"line":4},"1":{"loc":{"start":{"line":5,"column":4},"end":{"line":5,"column":null}},"type":"if","locations":[{"start":{"line":5,"column":4},"end":{"line":5,"column":null}},{"start":{},"end":{}}],"line":5},"2":{"loc":{"start":{"line":6,"column":4},"end":{"line":11,"column":null}},"type":"if","locations":[{"start":{"line":6,"column":4},"end":{"line":11,"column":null}},{"start":{"line":8,"column":11},"end":{"line":11,"column":null}}],"line":6},"3":{"loc":{"start":{"line":10,"column":8},"end":{"line":11,"column":null}},"type":"if","locations":[{"start":{"line":10,"column":8},"end":{"line":11,"column":null}},{"start":{},"end":{}}],"line":10},"4":{"loc":{"start":{"line":14,"column":4},"end":{"line":24,"column":null}},"type":"if","locations":[{"start":{"line":14,"column":4},"end":{"line":24,"column":null}},{"start":{"line":16,"column":11},"end":{"line":24,"column":null}}],"line":14},"5":{"loc":{"start":{"line":18,"column":12},"end":{"line":21,"column":46}},"type":"binary-expr","locations":[{"start":{"line":18,"column":12},"end":{"line":18,"column":null}},{"start":{"line":19,"column":12},"end":{"line":19,"column":39}},{"start":{"line":20,"column":12},"end":{"line":20,"column":36}},{"start":{"line":21,"column":12},"end":{"line":21,"column":46}}],"line":18},"6":{"loc":{"start":{"line":23,"column":8},"end":{"line":24,"column":null}},"type":"if","locations":[{"start":{"line":23,"column":8},"end":{"line":24,"column":null}},{"start":{},"end":{}}],"line":23},"7":{"loc":{"start":{"line":28,"column":4},"end":{"line":31,"column":null}},"type":"if","locations":[{"start":{"line":28,"column":4},"end":{"line":31,"column":null}},{"start":{"line":30,"column":15},"end":{"line":31,"column":null}}],"line":28},"8":{"loc":{"start":{"line":30,"column":15},"end":{"line":31,"column":null}},"type":"if","locations":[{"start":{"line":30,"column":15},"end":{"line":31,"column":null}},{"start":{},"end":{}}],"line":30}},"s":{"0":5,"1":5,"2":1,"3":5,"4":1,"5":5,"6":1,"7":4,"8":4,"9":1,"10":5,"11":1,"12":4,"13":4,"14":1,"15":5,"16":1,"17":4,"18":1,"19":5},"f":{"0":5},"b":{"0":[1,4],"1":[1,4],"2":[1,4],"3":[1,3],"4":[1,4],"5":[4,3,3,3],"6":[1,3],"7":[1,4],"8":[1,3]},"meta":{"lastBranch":9,"lastFunction":1,"lastStatement":20,"seen":{"f:1:16:1:33":0,"s:2:19:2:21":0,"b:4:4:4:Infinity:undefined:undefined:undefined:undefined":0,"s:4:4:4:Infinity":1,"s:4:20:4:Infinity":2,"b:5:4:5:Infinity:undefined:undefined:undefined:undefined":1,"s:5:4:5:Infinity":3,"s:5:24:5:Infinity":4,"b:6:4:11:Infinity:8:11:11:Infinity":2,"s:6:4:11:Infinity":5,"s:7:8:7:Infinity":6,"s:9:27:9:Infinity":7,"b:10:8:11:Infinity:undefined:undefined:undefined:undefined":3,"s:10:8:11:Infinity":8,"s:11:12:11:Infinity":9,"b:14:4:24:Infinity:16:11:24:Infinity":4,"s:14:4:24:Infinity":10,"s:15:8:15:Infinity":11,"s:18:12:21:46":12,"b:18:12:18:Infinity:19:12:19:39:20:12:20:36:21:12:21:46":5,"b:23:8:24:Infinity:undefined:undefined:undefined:undefined":6,"s:23:8:24:Infinity":13,"s:24:12:24:Infinity":14,"b:28:4:31:Infinity:30:15:31:Infinity":7,"s:28:4:31:Infinity":15,"s:29:8:29:Infinity":16,"b:30:15:31:Infinity:undefined:undefined:undefined:undefined":8,"s:30:15:31:Infinity":17,"s:31:8:31:Infinity":18,"s:34:4:34:Infinity":19}}}
}
